<?xml version="1.0" encoding="UTF-8"?>
<testng-results ignored="0" total="1" passed="1" failed="0" skipped="0">
  <reporter-output>
  </reporter-output>
  <suite started-at="2022-09-14T15:58:23 IST" name="Default suite" finished-at="2022-09-14T15:59:20 IST" duration-ms="57409">
    <groups>
    </groups>
    <test started-at="2022-09-14T15:58:23 IST" name="Default test" finished-at="2022-09-14T15:59:20 IST" duration-ms="57409">
      <class name="com.TestClass.TestCaseNo_1">
        <test-method is-config="true" signature="browserSet(java.lang.String)[pri:0, instance:com.TestClass.TestCaseNo_1@6f1de4c7]" started-at="2022-09-14T15:58:23 IST" name="browserSet" finished-at="2022-09-14T15:58:34 IST" duration-ms="11113" status="PASS">
          <params>
            <param index="0">
              <value>
                <![CDATA[chrome]]>
              </value>
            </param>
          </params>
          <reporter-output>
          </reporter-output>
        </test-method> <!-- browserSet -->
        <test-method signature="login()[pri:0, instance:com.TestClass.TestCaseNo_1@6f1de4c7]" started-at="2022-09-14T15:58:34 IST" name="login" finished-at="2022-09-14T15:59:11 IST" duration-ms="36302" status="PASS">
          <reporter-output>
          </reporter-output>
        </test-method> <!-- login -->
        <test-method is-config="true" signature="browserclose()[pri:0, instance:com.TestClass.TestCaseNo_1@6f1de4c7]" started-at="2022-09-14T15:59:11 IST" name="browserclose" finished-at="2022-09-14T15:59:20 IST" duration-ms="9512" status="PASS">
          <reporter-output>
          </reporter-output>
        </test-method> <!-- browserclose -->
      </class> <!-- com.TestClass.TestCaseNo_1 -->
    </test> <!-- Default test -->
  </suite> <!-- Default suite -->
</testng-results>
